polybar|notice:  Parsing config file: /home/rituraj/.config/polybar/config
polybar|notice:  pulseaudio: using default sink alsa_output.pci-0000_00_1f.3.analog-stereo
polybar|notice:  Loaded font "Fira Code:style=Regular:size=7" (name=Fira Code, offset=1, file=/usr/share/fonts/TTF/FiraCode-Regular.ttf)
polybar|notice:  Loaded font "Font Awesome 5 Brands Regular:style=Regular:size=7" (name=Font Awesome 5 Brands, offset=1, file=/usr/share/fonts/TTF/fa-brands-400.ttf)
polybar|notice:  Loaded font "Font Awesome 5 Free Solid:style=Solid:size=7" (name=Font Awesome 5 Free, offset=1, file=/usr/share/fonts/TTF/fa-solid-900.ttf)
polybar|notice:  Loaded font "Font Awesome 5 Free Regular:style=Regular:size=7" (name=Font Awesome 5 Free, offset=1, file=/usr/share/fonts/TTF/fa-regular-400.ttf)
polybar|notice:  Termination signal received, shutting down...
polybar|notice:  Parsing config file: /home/rituraj/.config/polybar/config
polybar|notice:  pulseaudio: using default sink alsa_output.pci-0000_00_1f.3.analog-stereo
polybar|notice:  Loaded font "Fira Code:style=Regular:size=7" (name=Fira Code, offset=1, file=/usr/share/fonts/TTF/FiraCode-Regular.ttf)
polybar|notice:  Loaded font "Font Awesome 5 Brands Regular:style=Regular:size=7" (name=Font Awesome 5 Brands, offset=1, file=/usr/share/fonts/TTF/fa-brands-400.ttf)
polybar|notice:  Loaded font "Font Awesome 5 Free Solid:style=Solid:size=7" (name=Font Awesome 5 Free, offset=1, file=/usr/share/fonts/TTF/fa-solid-900.ttf)
polybar|notice:  Loaded font "Font Awesome 5 Free Regular:style=Regular:size=7" (name=Font Awesome 5 Free, offset=1, file=/usr/share/fonts/TTF/fa-regular-400.ttf)
polybar|notice:  Termination signal received, shutting down...
polybar|notice:  Parsing config file: /home/rituraj/.config/polybar/config
polybar|notice:  pulseaudio: using default sink alsa_output.pci-0000_00_1f.3.analog-stereo
polybar|notice:  Loaded font "Fira Code:style=Regular:size=7" (name=Fira Code, offset=1, file=/usr/share/fonts/TTF/FiraCode-Regular.ttf)
polybar|notice:  Loaded font "Font Awesome 5 Brands Regular:style=Regular:size=7" (name=Font Awesome 5 Brands, offset=1, file=/usr/share/fonts/TTF/fa-brands-400.ttf)
polybar|notice:  Loaded font "Font Awesome 5 Free Solid:style=Solid:size=7" (name=Font Awesome 5 Free, offset=1, file=/usr/share/fonts/TTF/fa-solid-900.ttf)
polybar|notice:  Loaded font "Font Awesome 5 Free Regular:style=Regular:size=7" (name=Font Awesome 5 Free, offset=1, file=/usr/share/fonts/TTF/fa-regular-400.ttf)
